<?xml version="1.0" encoding="UTF-8"?>
<!-- Generated by org.testng.reporters.JUnitReportReporter -->
<testsuite hostname="IE4LLTBZN4PQ2" failures="0" tests="1" name="test.AdminLoginTest" time="56.746" errors="0" timestamp="2022-09-04T20:43:23 IST" skipped="0">
  <testcase classname="test.AdminLoginTest" name="addProduct" time="56.746"/>
  <system-out/>
</testsuite> <!-- test.AdminLoginTest -->
