<?xml version="1.0" encoding="UTF-8"?>
<!-- Generated by org.testng.reporters.JUnitReportReporter -->
<testsuite hostname="IE4LLTBZN4PQ2" failures="0" tests="3" name="test.UserLoginTest" time="97.897" errors="0" timestamp="2022-09-04T20:43:23 IST" skipped="0">
  <testcase classname="test.UserLoginTest" name="ProductFilterTest" time="28.102"/>
  <system-out/>
  <testcase classname="test.UserLoginTest" name="CategoryTest" time="29.985"/>
  <system-out/>
  <testcase classname="test.UserLoginTest" name="BuyMedicineTest" time="39.810"/>
  <system-out/>
</testsuite> <!-- test.UserLoginTest -->
